2024-07-26 09:30:21,794 ERROR [main][LoggingFailureAnalysisReporter.java:40] - 

***************************
APPLICATION FAILED TO START
***************************

Description:

Field courseBaseMapper in com.xingcai.content.service.impl.CourseBaseInfoServiceImpl required a bean of type 'com.xingcai.content.mapper.CourseBaseMapper' that could not be found.

The injection point has the following annotations:
	- @org.springframework.beans.factory.annotation.Autowired(required=true)


Action:

Consider defining a bean of type 'com.xingcai.content.mapper.CourseBaseMapper' in your configuration.

2024-07-26 09:38:56,823 ERROR [main][LoggingFailureAnalysisReporter.java:40] - 

***************************
APPLICATION FAILED TO START
***************************

Description:

Field courseBaseMapper in com.xingcai.content.service.impl.CourseBaseInfoServiceImpl required a bean of type 'com.xingcai.content.mapper.CourseBaseMapper' that could not be found.

The injection point has the following annotations:
	- @org.springframework.beans.factory.annotation.Autowired(required=true)


Action:

Consider defining a bean of type 'com.xingcai.content.mapper.CourseBaseMapper' in your configuration.

2024-07-26 09:40:26,513 ERROR [main][LoggingFailureAnalysisReporter.java:40] - 

***************************
APPLICATION FAILED TO START
***************************

Description:

Field courseBaseMapper in com.xingcai.content.service.impl.CourseBaseInfoServiceImpl required a bean of type 'com.xingcai.content.mapper.CourseBaseMapper' that could not be found.

The injection point has the following annotations:
	- @org.springframework.beans.factory.annotation.Autowired(required=true)


Action:

Consider defining a bean of type 'com.xingcai.content.mapper.CourseBaseMapper' in your configuration.

2024-07-26 09:43:24,420 ERROR [main][LoggingFailureAnalysisReporter.java:40] - 

***************************
APPLICATION FAILED TO START
***************************

Description:

Field courseBaseMapper in com.xingcai.content.service.impl.CourseBaseInfoServiceImpl required a bean of type 'com.xingcai.content.mapper.CourseBaseMapper' that could not be found.

The injection point has the following annotations:
	- @org.springframework.beans.factory.annotation.Autowired(required=true)


Action:

Consider defining a bean of type 'com.xingcai.content.mapper.CourseBaseMapper' in your configuration.

2024-07-26 09:47:47,988 ERROR [main][LoggingFailureAnalysisReporter.java:40] - 

***************************
APPLICATION FAILED TO START
***************************

Description:

Field categoryService in com.xingcai.content.api.CourseCategoryController required a single bean, but 2 were found:
	- courseCategoryServiceImpl: defined in file [D:\miashi\project\xingcai-content\xingcai-content-service\target\classes\com\xingcai\content\service\impl\CourseCategoryServiceImpl.class]
	- courseCategoryService: defined in file [D:\miashi\project\xingcai-content\xingcai-content-service\target\classes\com\xingcai\content\service\CourseCategoryService.class]


Action:

Consider marking one of the beans as @Primary, updating the consumer to accept multiple beans, or using @Qualifier to identify the bean that should be consumed

2024-07-26 09:51:55,378 ERROR [main][LoggingFailureAnalysisReporter.java:40] - 

***************************
APPLICATION FAILED TO START
***************************

Description:

Field mediaFilesMapper in com.xingcai.media.service.impl.MediaFileServiceImpl required a bean of type 'com.xingcai.media.mapper.MediaFilesMapper' that could not be found.

The injection point has the following annotations:
	- @org.springframework.beans.factory.annotation.Autowired(required=true)


Action:

Consider defining a bean of type 'com.xingcai.media.mapper.MediaFilesMapper' in your configuration.

2024-07-26 09:53:20,292 ERROR [main][SpringApplication.java:837] - Application run failed
org.springframework.context.annotation.ConflictingBeanDefinitionException: Annotation-specified bean name 'mediaFilesMapper' for bean class [com.xingcai.media.mapper.MediaFilesMapper] conflicts with existing, non-compatible bean definition of same name and class [org.mybatis.spring.mapper.MapperFactoryBean]
	at org.springframework.context.annotation.ClassPathBeanDefinitionScanner.checkCandidate(ClassPathBeanDefinitionScanner.java:349)
	at org.mybatis.spring.mapper.ClassPathMapperScanner.checkCandidate(ClassPathMapperScanner.java:256)
	at org.springframework.context.annotation.ClassPathBeanDefinitionScanner.doScan(ClassPathBeanDefinitionScanner.java:287)
	at org.mybatis.spring.mapper.ClassPathMapperScanner.doScan(ClassPathMapperScanner.java:181)
	at org.springframework.context.annotation.ClassPathBeanDefinitionScanner.scan(ClassPathBeanDefinitionScanner.java:254)
	at org.mybatis.spring.mapper.MapperScannerConfigurer.postProcessBeanDefinitionRegistry(MapperScannerConfigurer.java:356)
	at org.springframework.context.support.PostProcessorRegistrationDelegate.invokeBeanDefinitionRegistryPostProcessors(PostProcessorRegistrationDelegate.java:280)
	at org.springframework.context.support.PostProcessorRegistrationDelegate.invokeBeanFactoryPostProcessors(PostProcessorRegistrationDelegate.java:126)
	at org.springframework.context.support.AbstractApplicationContext.invokeBeanFactoryPostProcessors(AbstractApplicationContext.java:707)
	at org.springframework.context.support.AbstractApplicationContext.refresh(AbstractApplicationContext.java:533)
	at org.springframework.boot.web.servlet.context.ServletWebServerApplicationContext.refresh(ServletWebServerApplicationContext.java:143)
	at org.springframework.boot.SpringApplication.refresh(SpringApplication.java:758)
	at org.springframework.boot.SpringApplication.refresh(SpringApplication.java:750)
	at org.springframework.boot.SpringApplication.refreshContext(SpringApplication.java:405)
	at org.springframework.boot.SpringApplication.run(SpringApplication.java:315)
	at org.springframework.boot.SpringApplication.run(SpringApplication.java:1237)
	at org.springframework.boot.SpringApplication.run(SpringApplication.java:1226)
	at com.xingcai.MediaApplication.main(MediaApplication.java:14)
